# JRE version: Java(TM) SE Runtime Environment (17.0.10+11) (build 17.0.10+11-LTS-240)
# Java VM: Java HotSpot(TM) 64-Bit Server VM (17.0.10+11-LTS-240, mixed mode, sharing, tiered, compressed oops, compressed class ptrs, g1 gc, windows-amd64)
GC Precious Log:
 CPUs: 16 total, 16 available
 Memory: 15724M
 Large Page Support: Disabled
 NUMA Support: Disabled
 Compressed Oops: Enabled (Zero based)
 Heap Region Size: 2M
 Heap Min Capacity: 8M
 Heap Initial Capacity: 246M
 Heap Max Capacity: 3932M
 Pre-touch: Disabled
 Parallel Workers: 13
 Concurrent Workers: 3
 Concurrent Refinement Workers: 13
 Periodic GC: Disabled
Heap:
 garbage-first heap   total 251904K, used 64254K [0x000000070a400000, 0x0000000800000000)
  region size 2048K, 3 young (6144K), 3 survivors (6144K)
 Metaspace       used 44362K, committed 45248K, reserved 1114112K
  class space    used 5828K, committed 6208K, reserved 1048576K
GC Heap History (20 events):
Event: 4.711 GC heap after
{Heap after GC invocations=11 (full 0):
 garbage-first heap   total 139264K, used 28926K [0x000000070a400000, 0x0000000800000000)
  region size 2048K, 5 young (10240K), 5 survivors (10240K)
 Metaspace       used 35463K, committed 35968K, reserved 1114112K
  class space    used 4569K, committed 4800K, reserved 1048576K
}
Event: 5.852 GC heap before
{Heap before GC invocations=12 (full 0):
 garbage-first heap   total 110592K, used 92414K [0x000000070a400000, 0x0000000800000000)
  region size 2048K, 28 young (57344K), 5 survivors (10240K)
 Metaspace       used 38396K, committed 39040K, reserved 1114112K
  class space    used 4950K, committed 5248K, reserved 1048576K
}
Event: 5.860 GC heap after
{Heap after GC invocations=13 (full 0):
 garbage-first heap   total 110592K, used 40889K [0x000000070a400000, 0x0000000800000000)
  region size 2048K, 1 young (2048K), 1 survivors (2048K)
 Metaspace       used 38396K, committed 39040K, reserved 1114112K
  class space    used 4950K, committed 5248K, reserved 1048576K
}
Event: 5.867 GC heap before
{Heap before GC invocations=13 (full 0):
 garbage-first heap   total 110592K, used 42937K [0x000000070a400000, 0x0000000800000000)
  region size 2048K, 2 young (4096K), 1 survivors (2048K)
 Metaspace       used 38399K, committed 39040K, reserved 1114112K
  class space    used 4950K, committed 5248K, reserved 1048576K
}
Event: 5.870 GC heap after
{Heap after GC invocations=14 (full 0):
 garbage-first heap   total 110592K, used 40659K [0x000000070a400000, 0x0000000800000000)
  region size 2048K, 1 young (2048K), 1 survivors (2048K)
 Metaspace       used 38399K, committed 39040K, reserved 1114112K
  class space    used 4950K, committed 5248K, reserved 1048576K
}
Event: 5.920 GC heap before
{Heap before GC invocations=14 (full 0):
 garbage-first heap   total 110592K, used 81619K [0x000000070a400000, 0x0000000800000000)
  region size 2048K, 21 young (43008K), 1 survivors (2048K)
 Metaspace       used 38404K, committed 39040K, reserved 1114112K
  class space    used 4950K, committed 5248K, reserved 1048576K
}
Event: 5.920 GC heap after
{Heap after GC invocations=15 (full 0):
 garbage-first heap   total 110592K, used 40255K [0x000000070a400000, 0x0000000800000000)
  region size 2048K, 1 young (2048K), 1 survivors (2048K)
 Metaspace       used 38404K, committed 39040K, reserved 1114112K
  class space    used 4950K, committed 5248K, reserved 1048576K
}
Event: 5.952 GC heap before
{Heap before GC invocations=15 (full 0):
 garbage-first heap   total 110592K, used 91455K [0x000000070a400000, 0x0000000800000000)
  region size 2048K, 22 young (45056K), 1 survivors (2048K)
 Metaspace       used 38405K, committed 39040K, reserved 1114112K
  class space    used 4950K, committed 5248K, reserved 1048576K
}
Event: 5.953 GC heap after
{Heap after GC invocations=16 (full 0):
 garbage-first heap   total 110592K, used 44250K [0x000000070a400000, 0x0000000800000000)
  region size 2048K, 1 young (2048K), 1 survivors (2048K)
 Metaspace       used 38405K, committed 39040K, reserved 1114112K
  class space    used 4950K, committed 5248K, reserved 1048576K
}
Event: 5.985 GC heap before
{Heap before GC invocations=16 (full 0):
 garbage-first heap   total 110592K, used 85210K [0x000000070a400000, 0x0000000800000000)
  region size 2048K, 21 young (43008K), 1 survivors (2048K)
 Metaspace       used 38406K, committed 39040K, reserved 1114112K
  class space    used 4950K, committed 5248K, reserved 1048576K
}
Event: 5.986 GC heap after
{Heap after GC invocations=17 (full 0):
 garbage-first heap   total 110592K, used 44225K [0x000000070a400000, 0x0000000800000000)
  region size 2048K, 1 young (2048K), 1 survivors (2048K)
 Metaspace       used 38406K, committed 39040K, reserved 1114112K
  class space    used 4950K, committed 5248K, reserved 1048576K
}
Event: 5.991 GC heap before
{Heap before GC invocations=17 (full 0):
 garbage-first heap   total 110592K, used 48321K [0x000000070a400000, 0x0000000800000000)
  region size 2048K, 3 young (6144K), 1 survivors (2048K)
 Metaspace       used 38418K, committed 39040K, reserved 1114112K
  class space    used 4952K, committed 5248K, reserved 1048576K
}
Event: 6.035 GC heap after
{Heap after GC invocations=18 (full 0):
 garbage-first heap   total 219136K, used 46270K [0x000000070a400000, 0x0000000800000000)
  region size 2048K, 1 young (2048K), 1 survivors (2048K)
 Metaspace       used 38418K, committed 39040K, reserved 1114112K
  class space    used 4952K, committed 5248K, reserved 1048576K
}
Event: 6.899 GC heap before
{Heap before GC invocations=18 (full 0):
 garbage-first heap   total 219136K, used 203966K [0x000000070a400000, 0x0000000800000000)
  region size 2048K, 64 young (131072K), 1 survivors (2048K)
 Metaspace       used 39011K, committed 39680K, reserved 1114112K
  class space    used 5040K, committed 5376K, reserved 1048576K
}
Event: 6.928 GC heap after
{Heap after GC invocations=19 (full 0):
 garbage-first heap   total 219136K, used 56430K [0x000000070a400000, 0x0000000800000000)
  region size 2048K, 2 young (4096K), 2 survivors (4096K)
 Metaspace       used 39011K, committed 39680K, reserved 1114112K
  class space    used 5040K, committed 5376K, reserved 1048576K
}
Event: 8.934 GC heap before
{Heap before GC invocations=19 (full 0):
 garbage-first heap   total 219136K, used 189550K [0x000000070a400000, 0x0000000800000000)
  region size 2048K, 62 young (126976K), 2 survivors (4096K)
 Metaspace       used 43981K, committed 44800K, reserved 1114112K
  class space    used 5795K, committed 6144K, reserved 1048576K
}
Event: 8.961 GC heap after
{Heap after GC invocations=20 (full 0):
 garbage-first heap   total 219136K, used 57213K [0x000000070a400000, 0x0000000800000000)
  region size 2048K, 3 young (6144K), 3 survivors (6144K)
 Metaspace       used 43981K, committed 44800K, reserved 1114112K
  class space    used 5795K, committed 6144K, reserved 1048576K
}
Event: 9.083 GC heap before
{Heap before GC invocations=20 (full 0):
 garbage-first heap   total 219136K, used 180093K [0x000000070a400000, 0x0000000800000000)
  region size 2048K, 63 young (129024K), 3 survivors (6144K)
 Metaspace       used 43999K, committed 44800K, reserved 1114112K
  class space    used 5795K, committed 6144K, reserved 1048576K
}
Event: 9.103 GC heap after
{Heap after GC invocations=21 (full 0):
 garbage-first heap   total 219136K, used 60503K [0x000000070a400000, 0x0000000800000000)
  region size 2048K, 4 young (8192K), 4 survivors (8192K)
 Metaspace       used 43999K, committed 44800K, reserved 1114112K
  class space    used 5795K, committed 6144K, reserved 1048576K
}
Event: 11.472 GC heap before
{Heap before GC invocations=21 (full 0):
 garbage-first heap   total 219136K, used 199767K [0x000000070a400000, 0x0000000800000000)
  region size 2048K, 63 young (129024K), 4 survivors (8192K)
 Metaspace       used 44362K, committed 45248K, reserved 1114112K
  class space    used 5828K, committed 6208K, reserved 1048576K
}

